     0,                  Time [s],                            Time [s]
     1,           delta GENCLS 30,                  $\delta$ GENCLS 30
     2,            delta GENCLS 2,                   $\delta$ GENCLS 2
     3,            delta GENCLS 4,                   $\delta$ GENCLS 4
     4,            delta GENCLS 5,                   $\delta$ GENCLS 5
     5,            delta GENCLS 6,                   $\delta$ GENCLS 6
     6,           delta GENCLS 10,                  $\delta$ GENCLS 10
     7,           delta GENCLS 11,                  $\delta$ GENCLS 11
     8,           delta GENCLS 12,                  $\delta$ GENCLS 12
     9,           delta GENCLS 13,                  $\delta$ GENCLS 13
    10,           delta GENCLS 14,                  $\delta$ GENCLS 14
    11,           delta GENCLS 18,                  $\delta$ GENCLS 18
    12,           delta GENCLS 19,                  $\delta$ GENCLS 19
    13,           delta GENCLS 20,                  $\delta$ GENCLS 20
    14,           delta GENCLS 21,                  $\delta$ GENCLS 21
    15,           delta GENCLS 22,                  $\delta$ GENCLS 22
    16,           delta GENCLS 25,                  $\delta$ GENCLS 25
    17,           delta GENCLS 26,                  $\delta$ GENCLS 26
    18,           delta GENCLS 28,                  $\delta$ GENCLS 28
    19,           delta GENCLS 29,                  $\delta$ GENCLS 29
    20,           delta GENCLS 32,                  $\delta$ GENCLS 32
    21,           delta GENCLS 33,                  $\delta$ GENCLS 33
    22,           delta GENCLS 37,                  $\delta$ GENCLS 37
    23,           delta GENCLS 39,                  $\delta$ GENCLS 39
    24,           delta GENCLS 40,                  $\delta$ GENCLS 40
    25,           delta GENCLS 41,                  $\delta$ GENCLS 41
    26,           delta GENCLS 42,                  $\delta$ GENCLS 42
    27,           delta GENCLS 44,                  $\delta$ GENCLS 44
    28,           delta GENCLS 45,                  $\delta$ GENCLS 45
    29,           delta GENCLS 46,                  $\delta$ GENCLS 46
    30,           delta GENCLS 49,                  $\delta$ GENCLS 49
    31,           delta GENCLS 51,                  $\delta$ GENCLS 51
    32,           delta GENCLS 52,                  $\delta$ GENCLS 52
    33,           delta GENCLS 53,                  $\delta$ GENCLS 53
    34,           delta GENCLS 54,                  $\delta$ GENCLS 54
    35,           omega GENCLS 30,                  $\omega$ GENCLS 30
    36,            omega GENCLS 2,                   $\omega$ GENCLS 2
    37,            omega GENCLS 4,                   $\omega$ GENCLS 4
    38,            omega GENCLS 5,                   $\omega$ GENCLS 5
    39,            omega GENCLS 6,                   $\omega$ GENCLS 6
    40,           omega GENCLS 10,                  $\omega$ GENCLS 10
    41,           omega GENCLS 11,                  $\omega$ GENCLS 11
    42,           omega GENCLS 12,                  $\omega$ GENCLS 12
    43,           omega GENCLS 13,                  $\omega$ GENCLS 13
    44,           omega GENCLS 14,                  $\omega$ GENCLS 14
    45,           omega GENCLS 18,                  $\omega$ GENCLS 18
    46,           omega GENCLS 19,                  $\omega$ GENCLS 19
    47,           omega GENCLS 20,                  $\omega$ GENCLS 20
    48,           omega GENCLS 21,                  $\omega$ GENCLS 21
    49,           omega GENCLS 22,                  $\omega$ GENCLS 22
    50,           omega GENCLS 25,                  $\omega$ GENCLS 25
    51,           omega GENCLS 26,                  $\omega$ GENCLS 26
    52,           omega GENCLS 28,                  $\omega$ GENCLS 28
    53,           omega GENCLS 29,                  $\omega$ GENCLS 29
    54,           omega GENCLS 32,                  $\omega$ GENCLS 32
    55,           omega GENCLS 33,                  $\omega$ GENCLS 33
    56,           omega GENCLS 37,                  $\omega$ GENCLS 37
    57,           omega GENCLS 39,                  $\omega$ GENCLS 39
    58,           omega GENCLS 40,                  $\omega$ GENCLS 40
    59,           omega GENCLS 41,                  $\omega$ GENCLS 41
    60,           omega GENCLS 42,                  $\omega$ GENCLS 42
    61,           omega GENCLS 44,                  $\omega$ GENCLS 44
    62,           omega GENCLS 45,                  $\omega$ GENCLS 45
    63,           omega GENCLS 46,                  $\omega$ GENCLS 46
    64,           omega GENCLS 49,                  $\omega$ GENCLS 49
    65,           omega GENCLS 51,                  $\omega$ GENCLS 51
    66,           omega GENCLS 52,                  $\omega$ GENCLS 52
    67,           omega GENCLS 53,                  $\omega$ GENCLS 53
    68,           omega GENCLS 54,                  $\omega$ GENCLS 54
    69,                   a Bus 1,                      $\theta$ Bus 1
    70,                   a Bus 2,                      $\theta$ Bus 2
    71,                   a Bus 3,                      $\theta$ Bus 3
    72,                   a Bus 4,                      $\theta$ Bus 4
    73,                   a Bus 5,                      $\theta$ Bus 5
    74,                   a Bus 6,                      $\theta$ Bus 6
    75,                   a Bus 7,                      $\theta$ Bus 7
    76,                   a Bus 8,                      $\theta$ Bus 8
    77,                   a Bus 9,                      $\theta$ Bus 9
    78,                  a Bus 10,                     $\theta$ Bus 10
    79,                  a Bus 11,                     $\theta$ Bus 11
    80,                  a Bus 12,                     $\theta$ Bus 12
    81,                  a Bus 13,                     $\theta$ Bus 13
    82,                  a Bus 14,                     $\theta$ Bus 14
    83,                  a Bus 15,                     $\theta$ Bus 15
    84,                  a Bus 16,                     $\theta$ Bus 16
    85,                  a Bus 17,                     $\theta$ Bus 17
    86,                  a Bus 18,                     $\theta$ Bus 18
    87,                  a Bus 19,                     $\theta$ Bus 19
    88,                  a Bus 20,                     $\theta$ Bus 20
    89,                  a Bus 21,                     $\theta$ Bus 21
    90,                  a Bus 22,                     $\theta$ Bus 22
    91,                  a Bus 23,                     $\theta$ Bus 23
    92,                  a Bus 24,                     $\theta$ Bus 24
    93,                  a Bus 25,                     $\theta$ Bus 25
    94,                  a Bus 26,                     $\theta$ Bus 26
    95,                  a Bus 27,                     $\theta$ Bus 27
    96,                  a Bus 28,                     $\theta$ Bus 28
    97,                  a Bus 29,                     $\theta$ Bus 29
    98,                  a Bus 30,                     $\theta$ Bus 30
    99,                  a Bus 31,                     $\theta$ Bus 31
   100,                  a Bus 32,                     $\theta$ Bus 32
   101,                  a Bus 33,                     $\theta$ Bus 33
   102,                  a Bus 34,                     $\theta$ Bus 34
   103,                  a Bus 35,                     $\theta$ Bus 35
   104,                  a Bus 36,                     $\theta$ Bus 36
   105,                  a Bus 37,                     $\theta$ Bus 37
   106,                  a Bus 38,                     $\theta$ Bus 38
   107,                  a Bus 39,                     $\theta$ Bus 39
   108,                  a Bus 40,                     $\theta$ Bus 40
   109,                  a Bus 41,                     $\theta$ Bus 41
   110,                  a Bus 42,                     $\theta$ Bus 42
   111,                  a Bus 43,                     $\theta$ Bus 43
   112,                  a Bus 44,                     $\theta$ Bus 44
   113,                  a Bus 45,                     $\theta$ Bus 45
   114,                  a Bus 46,                     $\theta$ Bus 46
   115,                  a Bus 47,                     $\theta$ Bus 47
   116,                  a Bus 48,                     $\theta$ Bus 48
   117,                  a Bus 49,                     $\theta$ Bus 49
   118,                  a Bus 50,                     $\theta$ Bus 50
   119,                  a Bus 51,                     $\theta$ Bus 51
   120,                  a Bus 52,                     $\theta$ Bus 52
   121,                  a Bus 53,                     $\theta$ Bus 53
   122,                  a Bus 54,                     $\theta$ Bus 54
   123,                  a Bus 55,                     $\theta$ Bus 55
   124,                  a Bus 56,                     $\theta$ Bus 56
   125,                  a Bus 57,                     $\theta$ Bus 57
   126,                  a Bus 58,                     $\theta$ Bus 58
   127,                  a Bus 59,                     $\theta$ Bus 59
   128,                  a Bus 60,                     $\theta$ Bus 60
   129,                  a Bus 61,                     $\theta$ Bus 61
   130,                  a Bus 62,                     $\theta$ Bus 62
   131,                  a Bus 63,                     $\theta$ Bus 63
   132,                  a Bus 64,                     $\theta$ Bus 64
   133,                  a Bus 65,                     $\theta$ Bus 65
   134,                  a Bus 66,                     $\theta$ Bus 66
   135,                  a Bus 67,                     $\theta$ Bus 67
   136,                  a Bus 68,                     $\theta$ Bus 68
   137,                  a Bus 69,                     $\theta$ Bus 69
   138,                  a Bus 70,                     $\theta$ Bus 70
   139,                  a Bus 71,                     $\theta$ Bus 71
   140,                  a Bus 72,                     $\theta$ Bus 72
   141,                  a Bus 73,                     $\theta$ Bus 73
   142,                  a Bus 74,                     $\theta$ Bus 74
   143,                  a Bus 75,                     $\theta$ Bus 75
   144,                  a Bus 76,                     $\theta$ Bus 76
   145,                  a Bus 77,                     $\theta$ Bus 77
   146,                  a Bus 78,                     $\theta$ Bus 78
   147,                  a Bus 79,                     $\theta$ Bus 79
   148,                  a Bus 80,                     $\theta$ Bus 80
   149,                  a Bus 81,                     $\theta$ Bus 81
   150,                  a Bus 82,                     $\theta$ Bus 82
   151,                  a Bus 83,                     $\theta$ Bus 83
   152,                  a Bus 84,                     $\theta$ Bus 84
   153,                  a Bus 85,                     $\theta$ Bus 85
   154,                  a Bus 86,                     $\theta$ Bus 86
   155,                  a Bus 87,                     $\theta$ Bus 87
   156,                  a Bus 88,                     $\theta$ Bus 88
   157,                  a Bus 89,                     $\theta$ Bus 89
   158,                  a Bus 90,                     $\theta$ Bus 90
   159,                  a Bus 91,                     $\theta$ Bus 91
   160,                  a Bus 92,                     $\theta$ Bus 92
   161,                  a Bus 93,                     $\theta$ Bus 93
   162,                  a Bus 94,                     $\theta$ Bus 94
   163,                  a Bus 95,                     $\theta$ Bus 95
   164,                  a Bus 96,                     $\theta$ Bus 96
   165,                  a Bus 97,                     $\theta$ Bus 97
   166,                  a Bus 98,                     $\theta$ Bus 98
   167,                  a Bus 99,                     $\theta$ Bus 99
   168,                 a Bus 100,                    $\theta$ Bus 100
   169,                 a Bus 101,                    $\theta$ Bus 101
   170,                 a Bus 102,                    $\theta$ Bus 102
   171,                 a Bus 103,                    $\theta$ Bus 103
   172,                 a Bus 104,                    $\theta$ Bus 104
   173,                 a Bus 105,                    $\theta$ Bus 105
   174,                 a Bus 106,                    $\theta$ Bus 106
   175,                 a Bus 107,                    $\theta$ Bus 107
   176,                 a Bus 108,                    $\theta$ Bus 108
   177,                 a Bus 109,                    $\theta$ Bus 109
   178,                 a Bus 110,                    $\theta$ Bus 110
   179,                 a Bus 111,                    $\theta$ Bus 111
   180,                 a Bus 112,                    $\theta$ Bus 112
   181,                 a Bus 113,                    $\theta$ Bus 113
   182,                 a Bus 114,                    $\theta$ Bus 114
   183,                 a Bus 115,                    $\theta$ Bus 115
   184,                 a Bus 116,                    $\theta$ Bus 116
   185,                 a Bus 117,                    $\theta$ Bus 117
   186,                 a Bus 118,                    $\theta$ Bus 118
   187,                   v Bus 1,                           $V$ Bus 1
   188,                   v Bus 2,                           $V$ Bus 2
   189,                   v Bus 3,                           $V$ Bus 3
   190,                   v Bus 4,                           $V$ Bus 4
   191,                   v Bus 5,                           $V$ Bus 5
   192,                   v Bus 6,                           $V$ Bus 6
   193,                   v Bus 7,                           $V$ Bus 7
   194,                   v Bus 8,                           $V$ Bus 8
   195,                   v Bus 9,                           $V$ Bus 9
   196,                  v Bus 10,                          $V$ Bus 10
   197,                  v Bus 11,                          $V$ Bus 11
   198,                  v Bus 12,                          $V$ Bus 12
   199,                  v Bus 13,                          $V$ Bus 13
   200,                  v Bus 14,                          $V$ Bus 14
   201,                  v Bus 15,                          $V$ Bus 15
   202,                  v Bus 16,                          $V$ Bus 16
   203,                  v Bus 17,                          $V$ Bus 17
   204,                  v Bus 18,                          $V$ Bus 18
   205,                  v Bus 19,                          $V$ Bus 19
   206,                  v Bus 20,                          $V$ Bus 20
   207,                  v Bus 21,                          $V$ Bus 21
   208,                  v Bus 22,                          $V$ Bus 22
   209,                  v Bus 23,                          $V$ Bus 23
   210,                  v Bus 24,                          $V$ Bus 24
   211,                  v Bus 25,                          $V$ Bus 25
   212,                  v Bus 26,                          $V$ Bus 26
   213,                  v Bus 27,                          $V$ Bus 27
   214,                  v Bus 28,                          $V$ Bus 28
   215,                  v Bus 29,                          $V$ Bus 29
   216,                  v Bus 30,                          $V$ Bus 30
   217,                  v Bus 31,                          $V$ Bus 31
   218,                  v Bus 32,                          $V$ Bus 32
   219,                  v Bus 33,                          $V$ Bus 33
   220,                  v Bus 34,                          $V$ Bus 34
   221,                  v Bus 35,                          $V$ Bus 35
   222,                  v Bus 36,                          $V$ Bus 36
   223,                  v Bus 37,                          $V$ Bus 37
   224,                  v Bus 38,                          $V$ Bus 38
   225,                  v Bus 39,                          $V$ Bus 39
   226,                  v Bus 40,                          $V$ Bus 40
   227,                  v Bus 41,                          $V$ Bus 41
   228,                  v Bus 42,                          $V$ Bus 42
   229,                  v Bus 43,                          $V$ Bus 43
   230,                  v Bus 44,                          $V$ Bus 44
   231,                  v Bus 45,                          $V$ Bus 45
   232,                  v Bus 46,                          $V$ Bus 46
   233,                  v Bus 47,                          $V$ Bus 47
   234,                  v Bus 48,                          $V$ Bus 48
   235,                  v Bus 49,                          $V$ Bus 49
   236,                  v Bus 50,                          $V$ Bus 50
   237,                  v Bus 51,                          $V$ Bus 51
   238,                  v Bus 52,                          $V$ Bus 52
   239,                  v Bus 53,                          $V$ Bus 53
   240,                  v Bus 54,                          $V$ Bus 54
   241,                  v Bus 55,                          $V$ Bus 55
   242,                  v Bus 56,                          $V$ Bus 56
   243,                  v Bus 57,                          $V$ Bus 57
   244,                  v Bus 58,                          $V$ Bus 58
   245,                  v Bus 59,                          $V$ Bus 59
   246,                  v Bus 60,                          $V$ Bus 60
   247,                  v Bus 61,                          $V$ Bus 61
   248,                  v Bus 62,                          $V$ Bus 62
   249,                  v Bus 63,                          $V$ Bus 63
   250,                  v Bus 64,                          $V$ Bus 64
   251,                  v Bus 65,                          $V$ Bus 65
   252,                  v Bus 66,                          $V$ Bus 66
   253,                  v Bus 67,                          $V$ Bus 67
   254,                  v Bus 68,                          $V$ Bus 68
   255,                  v Bus 69,                          $V$ Bus 69
   256,                  v Bus 70,                          $V$ Bus 70
   257,                  v Bus 71,                          $V$ Bus 71
   258,                  v Bus 72,                          $V$ Bus 72
   259,                  v Bus 73,                          $V$ Bus 73
   260,                  v Bus 74,                          $V$ Bus 74
   261,                  v Bus 75,                          $V$ Bus 75
   262,                  v Bus 76,                          $V$ Bus 76
   263,                  v Bus 77,                          $V$ Bus 77
   264,                  v Bus 78,                          $V$ Bus 78
   265,                  v Bus 79,                          $V$ Bus 79
   266,                  v Bus 80,                          $V$ Bus 80
   267,                  v Bus 81,                          $V$ Bus 81
   268,                  v Bus 82,                          $V$ Bus 82
   269,                  v Bus 83,                          $V$ Bus 83
   270,                  v Bus 84,                          $V$ Bus 84
   271,                  v Bus 85,                          $V$ Bus 85
   272,                  v Bus 86,                          $V$ Bus 86
   273,                  v Bus 87,                          $V$ Bus 87
   274,                  v Bus 88,                          $V$ Bus 88
   275,                  v Bus 89,                          $V$ Bus 89
   276,                  v Bus 90,                          $V$ Bus 90
   277,                  v Bus 91,                          $V$ Bus 91
   278,                  v Bus 92,                          $V$ Bus 92
   279,                  v Bus 93,                          $V$ Bus 93
   280,                  v Bus 94,                          $V$ Bus 94
   281,                  v Bus 95,                          $V$ Bus 95
   282,                  v Bus 96,                          $V$ Bus 96
   283,                  v Bus 97,                          $V$ Bus 97
   284,                  v Bus 98,                          $V$ Bus 98
   285,                  v Bus 99,                          $V$ Bus 99
   286,                 v Bus 100,                         $V$ Bus 100
   287,                 v Bus 101,                         $V$ Bus 101
   288,                 v Bus 102,                         $V$ Bus 102
   289,                 v Bus 103,                         $V$ Bus 103
   290,                 v Bus 104,                         $V$ Bus 104
   291,                 v Bus 105,                         $V$ Bus 105
   292,                 v Bus 106,                         $V$ Bus 106
   293,                 v Bus 107,                         $V$ Bus 107
   294,                 v Bus 108,                         $V$ Bus 108
   295,                 v Bus 109,                         $V$ Bus 109
   296,                 v Bus 110,                         $V$ Bus 110
   297,                 v Bus 111,                         $V$ Bus 111
   298,                 v Bus 112,                         $V$ Bus 112
   299,                 v Bus 113,                         $V$ Bus 113
   300,                 v Bus 114,                         $V$ Bus 114
   301,                 v Bus 115,                         $V$ Bus 115
   302,                 v Bus 116,                         $V$ Bus 116
   303,                 v Bus 117,                         $V$ Bus 117
   304,                 v Bus 118,                         $V$ Bus 118
   305,                    q PV 1,                            $q$ PV 1
   306,                    q PV 2,                            $q$ PV 2
   307,                    q PV 3,                            $q$ PV 3
   308,                    q PV 4,                            $q$ PV 4
   309,                    q PV 5,                            $q$ PV 5
   310,                    q PV 6,                            $q$ PV 6
   311,                    q PV 7,                            $q$ PV 7
   312,                    q PV 8,                            $q$ PV 8
   313,                    q PV 9,                            $q$ PV 9
   314,                   q PV 10,                           $q$ PV 10
   315,                   q PV 11,                           $q$ PV 11
   316,                   q PV 12,                           $q$ PV 12
   317,                   q PV 13,                           $q$ PV 13
   318,                   q PV 14,                           $q$ PV 14
   319,                   q PV 15,                           $q$ PV 15
   320,                   q PV 16,                           $q$ PV 16
   321,                   q PV 17,                           $q$ PV 17
   322,                   q PV 18,                           $q$ PV 18
   323,                   q PV 19,                           $q$ PV 19
   324,                   q PV 20,                           $q$ PV 20
   325,                   q PV 21,                           $q$ PV 21
   326,                   q PV 22,                           $q$ PV 22
   327,                   q PV 23,                           $q$ PV 23
   328,                   q PV 24,                           $q$ PV 24
   329,                   q PV 25,                           $q$ PV 25
   330,                   q PV 26,                           $q$ PV 26
   331,                   q PV 27,                           $q$ PV 27
   332,                   q PV 28,                           $q$ PV 28
   333,                   q PV 29,                           $q$ PV 29
   334,                   q PV 31,                           $q$ PV 31
   335,                   q PV 32,                           $q$ PV 32
   336,                   q PV 33,                           $q$ PV 33
   337,                   q PV 34,                           $q$ PV 34
   338,                   q PV 35,                           $q$ PV 35
   339,                   q PV 36,                           $q$ PV 36
   340,                   q PV 37,                           $q$ PV 37
   341,                   q PV 38,                           $q$ PV 38
   342,                   q PV 39,                           $q$ PV 39
   343,                   q PV 40,                           $q$ PV 40
   344,                   q PV 41,                           $q$ PV 41
   345,                   q PV 42,                           $q$ PV 42
   346,                   q PV 43,                           $q$ PV 43
   347,                   q PV 44,                           $q$ PV 44
   348,                   q PV 45,                           $q$ PV 45
   349,                   q PV 46,                           $q$ PV 46
   350,                   q PV 47,                           $q$ PV 47
   351,                   q PV 48,                           $q$ PV 48
   352,                   q PV 49,                           $q$ PV 49
   353,                   q PV 50,                           $q$ PV 50
   354,                   q PV 51,                           $q$ PV 51
   355,                   q PV 52,                           $q$ PV 52
   356,                   q PV 53,                           $q$ PV 53
   357,                   q PV 54,                           $q$ PV 54
   358,                q Slack 30,                        $q$ Slack 30
   359,                p Slack 30,                        $p$ Slack 30
   360,              Id GENCLS 30,                     $I_d$ GENCLS 30
   361,               Id GENCLS 2,                      $I_d$ GENCLS 2
   362,               Id GENCLS 4,                      $I_d$ GENCLS 4
   363,               Id GENCLS 5,                      $I_d$ GENCLS 5
   364,               Id GENCLS 6,                      $I_d$ GENCLS 6
   365,              Id GENCLS 10,                     $I_d$ GENCLS 10
   366,              Id GENCLS 11,                     $I_d$ GENCLS 11
   367,              Id GENCLS 12,                     $I_d$ GENCLS 12
   368,              Id GENCLS 13,                     $I_d$ GENCLS 13
   369,              Id GENCLS 14,                     $I_d$ GENCLS 14
   370,              Id GENCLS 18,                     $I_d$ GENCLS 18
   371,              Id GENCLS 19,                     $I_d$ GENCLS 19
   372,              Id GENCLS 20,                     $I_d$ GENCLS 20
   373,              Id GENCLS 21,                     $I_d$ GENCLS 21
   374,              Id GENCLS 22,                     $I_d$ GENCLS 22
   375,              Id GENCLS 25,                     $I_d$ GENCLS 25
   376,              Id GENCLS 26,                     $I_d$ GENCLS 26
   377,              Id GENCLS 28,                     $I_d$ GENCLS 28
   378,              Id GENCLS 29,                     $I_d$ GENCLS 29
   379,              Id GENCLS 32,                     $I_d$ GENCLS 32
   380,              Id GENCLS 33,                     $I_d$ GENCLS 33
   381,              Id GENCLS 37,                     $I_d$ GENCLS 37
   382,              Id GENCLS 39,                     $I_d$ GENCLS 39
   383,              Id GENCLS 40,                     $I_d$ GENCLS 40
   384,              Id GENCLS 41,                     $I_d$ GENCLS 41
   385,              Id GENCLS 42,                     $I_d$ GENCLS 42
   386,              Id GENCLS 44,                     $I_d$ GENCLS 44
   387,              Id GENCLS 45,                     $I_d$ GENCLS 45
   388,              Id GENCLS 46,                     $I_d$ GENCLS 46
   389,              Id GENCLS 49,                     $I_d$ GENCLS 49
   390,              Id GENCLS 51,                     $I_d$ GENCLS 51
   391,              Id GENCLS 52,                     $I_d$ GENCLS 52
   392,              Id GENCLS 53,                     $I_d$ GENCLS 53
   393,              Id GENCLS 54,                     $I_d$ GENCLS 54
   394,              Iq GENCLS 30,                     $I_q$ GENCLS 30
   395,               Iq GENCLS 2,                      $I_q$ GENCLS 2
   396,               Iq GENCLS 4,                      $I_q$ GENCLS 4
   397,               Iq GENCLS 5,                      $I_q$ GENCLS 5
   398,               Iq GENCLS 6,                      $I_q$ GENCLS 6
   399,              Iq GENCLS 10,                     $I_q$ GENCLS 10
   400,              Iq GENCLS 11,                     $I_q$ GENCLS 11
   401,              Iq GENCLS 12,                     $I_q$ GENCLS 12
   402,              Iq GENCLS 13,                     $I_q$ GENCLS 13
   403,              Iq GENCLS 14,                     $I_q$ GENCLS 14
   404,              Iq GENCLS 18,                     $I_q$ GENCLS 18
   405,              Iq GENCLS 19,                     $I_q$ GENCLS 19
   406,              Iq GENCLS 20,                     $I_q$ GENCLS 20
   407,              Iq GENCLS 21,                     $I_q$ GENCLS 21
   408,              Iq GENCLS 22,                     $I_q$ GENCLS 22
   409,              Iq GENCLS 25,                     $I_q$ GENCLS 25
   410,              Iq GENCLS 26,                     $I_q$ GENCLS 26
   411,              Iq GENCLS 28,                     $I_q$ GENCLS 28
   412,              Iq GENCLS 29,                     $I_q$ GENCLS 29
   413,              Iq GENCLS 32,                     $I_q$ GENCLS 32
   414,              Iq GENCLS 33,                     $I_q$ GENCLS 33
   415,              Iq GENCLS 37,                     $I_q$ GENCLS 37
   416,              Iq GENCLS 39,                     $I_q$ GENCLS 39
   417,              Iq GENCLS 40,                     $I_q$ GENCLS 40
   418,              Iq GENCLS 41,                     $I_q$ GENCLS 41
   419,              Iq GENCLS 42,                     $I_q$ GENCLS 42
   420,              Iq GENCLS 44,                     $I_q$ GENCLS 44
   421,              Iq GENCLS 45,                     $I_q$ GENCLS 45
   422,              Iq GENCLS 46,                     $I_q$ GENCLS 46
   423,              Iq GENCLS 49,                     $I_q$ GENCLS 49
   424,              Iq GENCLS 51,                     $I_q$ GENCLS 51
   425,              Iq GENCLS 52,                     $I_q$ GENCLS 52
   426,              Iq GENCLS 53,                     $I_q$ GENCLS 53
   427,              Iq GENCLS 54,                     $I_q$ GENCLS 54
   428,              vd GENCLS 30,                     $V_d$ GENCLS 30
   429,               vd GENCLS 2,                      $V_d$ GENCLS 2
   430,               vd GENCLS 4,                      $V_d$ GENCLS 4
   431,               vd GENCLS 5,                      $V_d$ GENCLS 5
   432,               vd GENCLS 6,                      $V_d$ GENCLS 6
   433,              vd GENCLS 10,                     $V_d$ GENCLS 10
   434,              vd GENCLS 11,                     $V_d$ GENCLS 11
   435,              vd GENCLS 12,                     $V_d$ GENCLS 12
   436,              vd GENCLS 13,                     $V_d$ GENCLS 13
   437,              vd GENCLS 14,                     $V_d$ GENCLS 14
   438,              vd GENCLS 18,                     $V_d$ GENCLS 18
   439,              vd GENCLS 19,                     $V_d$ GENCLS 19
   440,              vd GENCLS 20,                     $V_d$ GENCLS 20
   441,              vd GENCLS 21,                     $V_d$ GENCLS 21
   442,              vd GENCLS 22,                     $V_d$ GENCLS 22
   443,              vd GENCLS 25,                     $V_d$ GENCLS 25
   444,              vd GENCLS 26,                     $V_d$ GENCLS 26
   445,              vd GENCLS 28,                     $V_d$ GENCLS 28
   446,              vd GENCLS 29,                     $V_d$ GENCLS 29
   447,              vd GENCLS 32,                     $V_d$ GENCLS 32
   448,              vd GENCLS 33,                     $V_d$ GENCLS 33
   449,              vd GENCLS 37,                     $V_d$ GENCLS 37
   450,              vd GENCLS 39,                     $V_d$ GENCLS 39
   451,              vd GENCLS 40,                     $V_d$ GENCLS 40
   452,              vd GENCLS 41,                     $V_d$ GENCLS 41
   453,              vd GENCLS 42,                     $V_d$ GENCLS 42
   454,              vd GENCLS 44,                     $V_d$ GENCLS 44
   455,              vd GENCLS 45,                     $V_d$ GENCLS 45
   456,              vd GENCLS 46,                     $V_d$ GENCLS 46
   457,              vd GENCLS 49,                     $V_d$ GENCLS 49
   458,              vd GENCLS 51,                     $V_d$ GENCLS 51
   459,              vd GENCLS 52,                     $V_d$ GENCLS 52
   460,              vd GENCLS 53,                     $V_d$ GENCLS 53
   461,              vd GENCLS 54,                     $V_d$ GENCLS 54
   462,              vq GENCLS 30,                     $V_q$ GENCLS 30
   463,               vq GENCLS 2,                      $V_q$ GENCLS 2
   464,               vq GENCLS 4,                      $V_q$ GENCLS 4
   465,               vq GENCLS 5,                      $V_q$ GENCLS 5
   466,               vq GENCLS 6,                      $V_q$ GENCLS 6
   467,              vq GENCLS 10,                     $V_q$ GENCLS 10
   468,              vq GENCLS 11,                     $V_q$ GENCLS 11
   469,              vq GENCLS 12,                     $V_q$ GENCLS 12
   470,              vq GENCLS 13,                     $V_q$ GENCLS 13
   471,              vq GENCLS 14,                     $V_q$ GENCLS 14
   472,              vq GENCLS 18,                     $V_q$ GENCLS 18
   473,              vq GENCLS 19,                     $V_q$ GENCLS 19
   474,              vq GENCLS 20,                     $V_q$ GENCLS 20
   475,              vq GENCLS 21,                     $V_q$ GENCLS 21
   476,              vq GENCLS 22,                     $V_q$ GENCLS 22
   477,              vq GENCLS 25,                     $V_q$ GENCLS 25
   478,              vq GENCLS 26,                     $V_q$ GENCLS 26
   479,              vq GENCLS 28,                     $V_q$ GENCLS 28
   480,              vq GENCLS 29,                     $V_q$ GENCLS 29
   481,              vq GENCLS 32,                     $V_q$ GENCLS 32
   482,              vq GENCLS 33,                     $V_q$ GENCLS 33
   483,              vq GENCLS 37,                     $V_q$ GENCLS 37
   484,              vq GENCLS 39,                     $V_q$ GENCLS 39
   485,              vq GENCLS 40,                     $V_q$ GENCLS 40
   486,              vq GENCLS 41,                     $V_q$ GENCLS 41
   487,              vq GENCLS 42,                     $V_q$ GENCLS 42
   488,              vq GENCLS 44,                     $V_q$ GENCLS 44
   489,              vq GENCLS 45,                     $V_q$ GENCLS 45
   490,              vq GENCLS 46,                     $V_q$ GENCLS 46
   491,              vq GENCLS 49,                     $V_q$ GENCLS 49
   492,              vq GENCLS 51,                     $V_q$ GENCLS 51
   493,              vq GENCLS 52,                     $V_q$ GENCLS 52
   494,              vq GENCLS 53,                     $V_q$ GENCLS 53
   495,              vq GENCLS 54,                     $V_q$ GENCLS 54
   496,              tm GENCLS 30,                  $\tau_m$ GENCLS 30
   497,               tm GENCLS 2,                   $\tau_m$ GENCLS 2
   498,               tm GENCLS 4,                   $\tau_m$ GENCLS 4
   499,               tm GENCLS 5,                   $\tau_m$ GENCLS 5
   500,               tm GENCLS 6,                   $\tau_m$ GENCLS 6
   501,              tm GENCLS 10,                  $\tau_m$ GENCLS 10
   502,              tm GENCLS 11,                  $\tau_m$ GENCLS 11
   503,              tm GENCLS 12,                  $\tau_m$ GENCLS 12
   504,              tm GENCLS 13,                  $\tau_m$ GENCLS 13
   505,              tm GENCLS 14,                  $\tau_m$ GENCLS 14
   506,              tm GENCLS 18,                  $\tau_m$ GENCLS 18
   507,              tm GENCLS 19,                  $\tau_m$ GENCLS 19
   508,              tm GENCLS 20,                  $\tau_m$ GENCLS 20
   509,              tm GENCLS 21,                  $\tau_m$ GENCLS 21
   510,              tm GENCLS 22,                  $\tau_m$ GENCLS 22
   511,              tm GENCLS 25,                  $\tau_m$ GENCLS 25
   512,              tm GENCLS 26,                  $\tau_m$ GENCLS 26
   513,              tm GENCLS 28,                  $\tau_m$ GENCLS 28
   514,              tm GENCLS 29,                  $\tau_m$ GENCLS 29
   515,              tm GENCLS 32,                  $\tau_m$ GENCLS 32
   516,              tm GENCLS 33,                  $\tau_m$ GENCLS 33
   517,              tm GENCLS 37,                  $\tau_m$ GENCLS 37
   518,              tm GENCLS 39,                  $\tau_m$ GENCLS 39
   519,              tm GENCLS 40,                  $\tau_m$ GENCLS 40
   520,              tm GENCLS 41,                  $\tau_m$ GENCLS 41
   521,              tm GENCLS 42,                  $\tau_m$ GENCLS 42
   522,              tm GENCLS 44,                  $\tau_m$ GENCLS 44
   523,              tm GENCLS 45,                  $\tau_m$ GENCLS 45
   524,              tm GENCLS 46,                  $\tau_m$ GENCLS 46
   525,              tm GENCLS 49,                  $\tau_m$ GENCLS 49
   526,              tm GENCLS 51,                  $\tau_m$ GENCLS 51
   527,              tm GENCLS 52,                  $\tau_m$ GENCLS 52
   528,              tm GENCLS 53,                  $\tau_m$ GENCLS 53
   529,              tm GENCLS 54,                  $\tau_m$ GENCLS 54
   530,              te GENCLS 30,                  $\tau_e$ GENCLS 30
   531,               te GENCLS 2,                   $\tau_e$ GENCLS 2
   532,               te GENCLS 4,                   $\tau_e$ GENCLS 4
   533,               te GENCLS 5,                   $\tau_e$ GENCLS 5
   534,               te GENCLS 6,                   $\tau_e$ GENCLS 6
   535,              te GENCLS 10,                  $\tau_e$ GENCLS 10
   536,              te GENCLS 11,                  $\tau_e$ GENCLS 11
   537,              te GENCLS 12,                  $\tau_e$ GENCLS 12
   538,              te GENCLS 13,                  $\tau_e$ GENCLS 13
   539,              te GENCLS 14,                  $\tau_e$ GENCLS 14
   540,              te GENCLS 18,                  $\tau_e$ GENCLS 18
   541,              te GENCLS 19,                  $\tau_e$ GENCLS 19
   542,              te GENCLS 20,                  $\tau_e$ GENCLS 20
   543,              te GENCLS 21,                  $\tau_e$ GENCLS 21
   544,              te GENCLS 22,                  $\tau_e$ GENCLS 22
   545,              te GENCLS 25,                  $\tau_e$ GENCLS 25
   546,              te GENCLS 26,                  $\tau_e$ GENCLS 26
   547,              te GENCLS 28,                  $\tau_e$ GENCLS 28
   548,              te GENCLS 29,                  $\tau_e$ GENCLS 29
   549,              te GENCLS 32,                  $\tau_e$ GENCLS 32
   550,              te GENCLS 33,                  $\tau_e$ GENCLS 33
   551,              te GENCLS 37,                  $\tau_e$ GENCLS 37
   552,              te GENCLS 39,                  $\tau_e$ GENCLS 39
   553,              te GENCLS 40,                  $\tau_e$ GENCLS 40
   554,              te GENCLS 41,                  $\tau_e$ GENCLS 41
   555,              te GENCLS 42,                  $\tau_e$ GENCLS 42
   556,              te GENCLS 44,                  $\tau_e$ GENCLS 44
   557,              te GENCLS 45,                  $\tau_e$ GENCLS 45
   558,              te GENCLS 46,                  $\tau_e$ GENCLS 46
   559,              te GENCLS 49,                  $\tau_e$ GENCLS 49
   560,              te GENCLS 51,                  $\tau_e$ GENCLS 51
   561,              te GENCLS 52,                  $\tau_e$ GENCLS 52
   562,              te GENCLS 53,                  $\tau_e$ GENCLS 53
   563,              te GENCLS 54,                  $\tau_e$ GENCLS 54
   564,              vf GENCLS 30,                     $v_f$ GENCLS 30
   565,               vf GENCLS 2,                      $v_f$ GENCLS 2
   566,               vf GENCLS 4,                      $v_f$ GENCLS 4
   567,               vf GENCLS 5,                      $v_f$ GENCLS 5
   568,               vf GENCLS 6,                      $v_f$ GENCLS 6
   569,              vf GENCLS 10,                     $v_f$ GENCLS 10
   570,              vf GENCLS 11,                     $v_f$ GENCLS 11
   571,              vf GENCLS 12,                     $v_f$ GENCLS 12
   572,              vf GENCLS 13,                     $v_f$ GENCLS 13
   573,              vf GENCLS 14,                     $v_f$ GENCLS 14
   574,              vf GENCLS 18,                     $v_f$ GENCLS 18
   575,              vf GENCLS 19,                     $v_f$ GENCLS 19
   576,              vf GENCLS 20,                     $v_f$ GENCLS 20
   577,              vf GENCLS 21,                     $v_f$ GENCLS 21
   578,              vf GENCLS 22,                     $v_f$ GENCLS 22
   579,              vf GENCLS 25,                     $v_f$ GENCLS 25
   580,              vf GENCLS 26,                     $v_f$ GENCLS 26
   581,              vf GENCLS 28,                     $v_f$ GENCLS 28
   582,              vf GENCLS 29,                     $v_f$ GENCLS 29
   583,              vf GENCLS 32,                     $v_f$ GENCLS 32
   584,              vf GENCLS 33,                     $v_f$ GENCLS 33
   585,              vf GENCLS 37,                     $v_f$ GENCLS 37
   586,              vf GENCLS 39,                     $v_f$ GENCLS 39
   587,              vf GENCLS 40,                     $v_f$ GENCLS 40
   588,              vf GENCLS 41,                     $v_f$ GENCLS 41
   589,              vf GENCLS 42,                     $v_f$ GENCLS 42
   590,              vf GENCLS 44,                     $v_f$ GENCLS 44
   591,              vf GENCLS 45,                     $v_f$ GENCLS 45
   592,              vf GENCLS 46,                     $v_f$ GENCLS 46
   593,              vf GENCLS 49,                     $v_f$ GENCLS 49
   594,              vf GENCLS 51,                     $v_f$ GENCLS 51
   595,              vf GENCLS 52,                     $v_f$ GENCLS 52
   596,              vf GENCLS 53,                     $v_f$ GENCLS 53
   597,              vf GENCLS 54,                     $v_f$ GENCLS 54
   598,          XadIfd GENCLS 30,            $X_{ad}I_{fd}$ GENCLS 30
   599,           XadIfd GENCLS 2,             $X_{ad}I_{fd}$ GENCLS 2
   600,           XadIfd GENCLS 4,             $X_{ad}I_{fd}$ GENCLS 4
   601,           XadIfd GENCLS 5,             $X_{ad}I_{fd}$ GENCLS 5
   602,           XadIfd GENCLS 6,             $X_{ad}I_{fd}$ GENCLS 6
   603,          XadIfd GENCLS 10,            $X_{ad}I_{fd}$ GENCLS 10
   604,          XadIfd GENCLS 11,            $X_{ad}I_{fd}$ GENCLS 11
   605,          XadIfd GENCLS 12,            $X_{ad}I_{fd}$ GENCLS 12
   606,          XadIfd GENCLS 13,            $X_{ad}I_{fd}$ GENCLS 13
   607,          XadIfd GENCLS 14,            $X_{ad}I_{fd}$ GENCLS 14
   608,          XadIfd GENCLS 18,            $X_{ad}I_{fd}$ GENCLS 18
   609,          XadIfd GENCLS 19,            $X_{ad}I_{fd}$ GENCLS 19
   610,          XadIfd GENCLS 20,            $X_{ad}I_{fd}$ GENCLS 20
   611,          XadIfd GENCLS 21,            $X_{ad}I_{fd}$ GENCLS 21
   612,          XadIfd GENCLS 22,            $X_{ad}I_{fd}$ GENCLS 22
   613,          XadIfd GENCLS 25,            $X_{ad}I_{fd}$ GENCLS 25
   614,          XadIfd GENCLS 26,            $X_{ad}I_{fd}$ GENCLS 26
   615,          XadIfd GENCLS 28,            $X_{ad}I_{fd}$ GENCLS 28
   616,          XadIfd GENCLS 29,            $X_{ad}I_{fd}$ GENCLS 29
   617,          XadIfd GENCLS 32,            $X_{ad}I_{fd}$ GENCLS 32
   618,          XadIfd GENCLS 33,            $X_{ad}I_{fd}$ GENCLS 33
   619,          XadIfd GENCLS 37,            $X_{ad}I_{fd}$ GENCLS 37
   620,          XadIfd GENCLS 39,            $X_{ad}I_{fd}$ GENCLS 39
   621,          XadIfd GENCLS 40,            $X_{ad}I_{fd}$ GENCLS 40
   622,          XadIfd GENCLS 41,            $X_{ad}I_{fd}$ GENCLS 41
   623,          XadIfd GENCLS 42,            $X_{ad}I_{fd}$ GENCLS 42
   624,          XadIfd GENCLS 44,            $X_{ad}I_{fd}$ GENCLS 44
   625,          XadIfd GENCLS 45,            $X_{ad}I_{fd}$ GENCLS 45
   626,          XadIfd GENCLS 46,            $X_{ad}I_{fd}$ GENCLS 46
   627,          XadIfd GENCLS 49,            $X_{ad}I_{fd}$ GENCLS 49
   628,          XadIfd GENCLS 51,            $X_{ad}I_{fd}$ GENCLS 51
   629,          XadIfd GENCLS 52,            $X_{ad}I_{fd}$ GENCLS 52
   630,          XadIfd GENCLS 53,            $X_{ad}I_{fd}$ GENCLS 53
   631,          XadIfd GENCLS 54,            $X_{ad}I_{fd}$ GENCLS 54
   632,              Pe GENCLS 30,                     $P_e$ GENCLS 30
   633,               Pe GENCLS 2,                      $P_e$ GENCLS 2
   634,               Pe GENCLS 4,                      $P_e$ GENCLS 4
   635,               Pe GENCLS 5,                      $P_e$ GENCLS 5
   636,               Pe GENCLS 6,                      $P_e$ GENCLS 6
   637,              Pe GENCLS 10,                     $P_e$ GENCLS 10
   638,              Pe GENCLS 11,                     $P_e$ GENCLS 11
   639,              Pe GENCLS 12,                     $P_e$ GENCLS 12
   640,              Pe GENCLS 13,                     $P_e$ GENCLS 13
   641,              Pe GENCLS 14,                     $P_e$ GENCLS 14
   642,              Pe GENCLS 18,                     $P_e$ GENCLS 18
   643,              Pe GENCLS 19,                     $P_e$ GENCLS 19
   644,              Pe GENCLS 20,                     $P_e$ GENCLS 20
   645,              Pe GENCLS 21,                     $P_e$ GENCLS 21
   646,              Pe GENCLS 22,                     $P_e$ GENCLS 22
   647,              Pe GENCLS 25,                     $P_e$ GENCLS 25
   648,              Pe GENCLS 26,                     $P_e$ GENCLS 26
   649,              Pe GENCLS 28,                     $P_e$ GENCLS 28
   650,              Pe GENCLS 29,                     $P_e$ GENCLS 29
   651,              Pe GENCLS 32,                     $P_e$ GENCLS 32
   652,              Pe GENCLS 33,                     $P_e$ GENCLS 33
   653,              Pe GENCLS 37,                     $P_e$ GENCLS 37
   654,              Pe GENCLS 39,                     $P_e$ GENCLS 39
   655,              Pe GENCLS 40,                     $P_e$ GENCLS 40
   656,              Pe GENCLS 41,                     $P_e$ GENCLS 41
   657,              Pe GENCLS 42,                     $P_e$ GENCLS 42
   658,              Pe GENCLS 44,                     $P_e$ GENCLS 44
   659,              Pe GENCLS 45,                     $P_e$ GENCLS 45
   660,              Pe GENCLS 46,                     $P_e$ GENCLS 46
   661,              Pe GENCLS 49,                     $P_e$ GENCLS 49
   662,              Pe GENCLS 51,                     $P_e$ GENCLS 51
   663,              Pe GENCLS 52,                     $P_e$ GENCLS 52
   664,              Pe GENCLS 53,                     $P_e$ GENCLS 53
   665,              Pe GENCLS 54,                     $P_e$ GENCLS 54
   666,              Qe GENCLS 30,                     $Q_e$ GENCLS 30
   667,               Qe GENCLS 2,                      $Q_e$ GENCLS 2
   668,               Qe GENCLS 4,                      $Q_e$ GENCLS 4
   669,               Qe GENCLS 5,                      $Q_e$ GENCLS 5
   670,               Qe GENCLS 6,                      $Q_e$ GENCLS 6
   671,              Qe GENCLS 10,                     $Q_e$ GENCLS 10
   672,              Qe GENCLS 11,                     $Q_e$ GENCLS 11
   673,              Qe GENCLS 12,                     $Q_e$ GENCLS 12
   674,              Qe GENCLS 13,                     $Q_e$ GENCLS 13
   675,              Qe GENCLS 14,                     $Q_e$ GENCLS 14
   676,              Qe GENCLS 18,                     $Q_e$ GENCLS 18
   677,              Qe GENCLS 19,                     $Q_e$ GENCLS 19
   678,              Qe GENCLS 20,                     $Q_e$ GENCLS 20
   679,              Qe GENCLS 21,                     $Q_e$ GENCLS 21
   680,              Qe GENCLS 22,                     $Q_e$ GENCLS 22
   681,              Qe GENCLS 25,                     $Q_e$ GENCLS 25
   682,              Qe GENCLS 26,                     $Q_e$ GENCLS 26
   683,              Qe GENCLS 28,                     $Q_e$ GENCLS 28
   684,              Qe GENCLS 29,                     $Q_e$ GENCLS 29
   685,              Qe GENCLS 32,                     $Q_e$ GENCLS 32
   686,              Qe GENCLS 33,                     $Q_e$ GENCLS 33
   687,              Qe GENCLS 37,                     $Q_e$ GENCLS 37
   688,              Qe GENCLS 39,                     $Q_e$ GENCLS 39
   689,              Qe GENCLS 40,                     $Q_e$ GENCLS 40
   690,              Qe GENCLS 41,                     $Q_e$ GENCLS 41
   691,              Qe GENCLS 42,                     $Q_e$ GENCLS 42
   692,              Qe GENCLS 44,                     $Q_e$ GENCLS 44
   693,              Qe GENCLS 45,                     $Q_e$ GENCLS 45
   694,              Qe GENCLS 46,                     $Q_e$ GENCLS 46
   695,              Qe GENCLS 49,                     $Q_e$ GENCLS 49
   696,              Qe GENCLS 51,                     $Q_e$ GENCLS 51
   697,              Qe GENCLS 52,                     $Q_e$ GENCLS 52
   698,              Qe GENCLS 53,                     $Q_e$ GENCLS 53
   699,              Qe GENCLS 54,                     $Q_e$ GENCLS 54
   700,            psid GENCLS 30,                  $\psi_d$ GENCLS 30
   701,             psid GENCLS 2,                   $\psi_d$ GENCLS 2
   702,             psid GENCLS 4,                   $\psi_d$ GENCLS 4
   703,             psid GENCLS 5,                   $\psi_d$ GENCLS 5
   704,             psid GENCLS 6,                   $\psi_d$ GENCLS 6
   705,            psid GENCLS 10,                  $\psi_d$ GENCLS 10
   706,            psid GENCLS 11,                  $\psi_d$ GENCLS 11
   707,            psid GENCLS 12,                  $\psi_d$ GENCLS 12
   708,            psid GENCLS 13,                  $\psi_d$ GENCLS 13
   709,            psid GENCLS 14,                  $\psi_d$ GENCLS 14
   710,            psid GENCLS 18,                  $\psi_d$ GENCLS 18
   711,            psid GENCLS 19,                  $\psi_d$ GENCLS 19
   712,            psid GENCLS 20,                  $\psi_d$ GENCLS 20
   713,            psid GENCLS 21,                  $\psi_d$ GENCLS 21
   714,            psid GENCLS 22,                  $\psi_d$ GENCLS 22
   715,            psid GENCLS 25,                  $\psi_d$ GENCLS 25
   716,            psid GENCLS 26,                  $\psi_d$ GENCLS 26
   717,            psid GENCLS 28,                  $\psi_d$ GENCLS 28
   718,            psid GENCLS 29,                  $\psi_d$ GENCLS 29
   719,            psid GENCLS 32,                  $\psi_d$ GENCLS 32
   720,            psid GENCLS 33,                  $\psi_d$ GENCLS 33
   721,            psid GENCLS 37,                  $\psi_d$ GENCLS 37
   722,            psid GENCLS 39,                  $\psi_d$ GENCLS 39
   723,            psid GENCLS 40,                  $\psi_d$ GENCLS 40
   724,            psid GENCLS 41,                  $\psi_d$ GENCLS 41
   725,            psid GENCLS 42,                  $\psi_d$ GENCLS 42
   726,            psid GENCLS 44,                  $\psi_d$ GENCLS 44
   727,            psid GENCLS 45,                  $\psi_d$ GENCLS 45
   728,            psid GENCLS 46,                  $\psi_d$ GENCLS 46
   729,            psid GENCLS 49,                  $\psi_d$ GENCLS 49
   730,            psid GENCLS 51,                  $\psi_d$ GENCLS 51
   731,            psid GENCLS 52,                  $\psi_d$ GENCLS 52
   732,            psid GENCLS 53,                  $\psi_d$ GENCLS 53
   733,            psid GENCLS 54,                  $\psi_d$ GENCLS 54
   734,            psiq GENCLS 30,                  $\psi_q$ GENCLS 30
   735,             psiq GENCLS 2,                   $\psi_q$ GENCLS 2
   736,             psiq GENCLS 4,                   $\psi_q$ GENCLS 4
   737,             psiq GENCLS 5,                   $\psi_q$ GENCLS 5
   738,             psiq GENCLS 6,                   $\psi_q$ GENCLS 6
   739,            psiq GENCLS 10,                  $\psi_q$ GENCLS 10
   740,            psiq GENCLS 11,                  $\psi_q$ GENCLS 11
   741,            psiq GENCLS 12,                  $\psi_q$ GENCLS 12
   742,            psiq GENCLS 13,                  $\psi_q$ GENCLS 13
   743,            psiq GENCLS 14,                  $\psi_q$ GENCLS 14
   744,            psiq GENCLS 18,                  $\psi_q$ GENCLS 18
   745,            psiq GENCLS 19,                  $\psi_q$ GENCLS 19
   746,            psiq GENCLS 20,                  $\psi_q$ GENCLS 20
   747,            psiq GENCLS 21,                  $\psi_q$ GENCLS 21
   748,            psiq GENCLS 22,                  $\psi_q$ GENCLS 22
   749,            psiq GENCLS 25,                  $\psi_q$ GENCLS 25
   750,            psiq GENCLS 26,                  $\psi_q$ GENCLS 26
   751,            psiq GENCLS 28,                  $\psi_q$ GENCLS 28
   752,            psiq GENCLS 29,                  $\psi_q$ GENCLS 29
   753,            psiq GENCLS 32,                  $\psi_q$ GENCLS 32
   754,            psiq GENCLS 33,                  $\psi_q$ GENCLS 33
   755,            psiq GENCLS 37,                  $\psi_q$ GENCLS 37
   756,            psiq GENCLS 39,                  $\psi_q$ GENCLS 39
   757,            psiq GENCLS 40,                  $\psi_q$ GENCLS 40
   758,            psiq GENCLS 41,                  $\psi_q$ GENCLS 41
   759,            psiq GENCLS 42,                  $\psi_q$ GENCLS 42
   760,            psiq GENCLS 44,                  $\psi_q$ GENCLS 44
   761,            psiq GENCLS 45,                  $\psi_q$ GENCLS 45
   762,            psiq GENCLS 46,                  $\psi_q$ GENCLS 46
   763,            psiq GENCLS 49,                  $\psi_q$ GENCLS 49
   764,            psiq GENCLS 51,                  $\psi_q$ GENCLS 51
   765,            psiq GENCLS 52,                  $\psi_q$ GENCLS 52
   766,            psiq GENCLS 53,                  $\psi_q$ GENCLS 53
   767,            psiq GENCLS 54,                  $\psi_q$ GENCLS 54
